<?xml version="1.0" encoding="UTF-8" ?>
<testsuite failures="0" time="1.069" errors="0" skipped="0" tests="3" name="com.mtrunner.client.TestDBConnection">
  <properties>
    <property name="java.vendor" value="Oracle Corporation"/>
    <property name="localRepository" value="C:\Users\Administrator\.m2\repository"/>
    <property name="sun.java.launcher" value="SUN_STANDARD"/>
    <property name="env.TVT" value="C:\Program Files (x86)\Lenovo"/>
    <property name="sun.management.compiler" value="HotSpot 64-Bit Tiered Compilers"/>
    <property name="env.UOIPME_REG_PATH" value="C:\Program Files\Intel Corporation\USB over IP"/>
    <property name="env.PROMPT" value="$P$G"/>
    <property name="os.name" value="Windows 7"/>
    <property name="env.FP_NO_HOST_CHECK" value="NO"/>
    <property name="sun.boot.class.path" value="C:\Program Files\Java\jdk1.7.0_79\jre\lib\resources.jar;C:\Program Files\Java\jdk1.7.0_79\jre\lib\rt.jar;C:\Program Files\Java\jdk1.7.0_79\jre\lib\sunrsasign.jar;C:\Program Files\Java\jdk1.7.0_79\jre\lib\jsse.jar;C:\Program Files\Java\jdk1.7.0_79\jre\lib\jce.jar;C:\Program Files\Java\jdk1.7.0_79\jre\lib\charsets.jar;C:\Program Files\Java\jdk1.7.0_79\jre\lib\jfr.jar;C:\Program Files\Java\jdk1.7.0_79\jre\classes"/>
    <property name="env.COMPUTERNAME" value="VIKTOR-THINK"/>
    <property name="env.CommonProgramW6432" value="C:\Program Files\Common Files"/>
    <property name="env.ALLUSERSPROFILE" value="C:\ProgramData"/>
    <property name="sun.desktop" value="windows"/>
    <property name="java.vm.specification.vendor" value="Oracle Corporation"/>
    <property name="java.runtime.version" value="1.7.0_79-b15"/>
    <property name="env.HOMEPATH" value="\Users\Administrator"/>
    <property name="user.name" value="Administrator"/>
    <property name="env.SWSHARE" value="C:\SWSHARE"/>
    <property name="user.language" value="en"/>
    <property name="env.windows_tracing_flags" value="3"/>
    <property name="sun.boot.library.path" value="C:\Program Files\Java\jdk1.7.0_79\jre\bin"/>
    <property name="java.version" value="1.7.0_79"/>
    <property name="env.PROCESSOR_IDENTIFIER" value="Intel64 Family 6 Model 60 Stepping 3, GenuineIntel"/>
    <property name="user.timezone" value="Europe/London"/>
    <property name="env.TEMP" value="C:\Users\ADMINI~1\AppData\Local\Temp"/>
    <property name="sun.arch.data.model" value="64"/>
    <property name="java.endorsed.dirs" value="C:\Program Files\Java\jdk1.7.0_79\jre\lib\endorsed"/>
    <property name="sun.cpu.isalist" value="amd64"/>
    <property name="env.HOMEDRIVE" value="C:"/>
    <property name="sun.jnu.encoding" value="Cp1251"/>
    <property name="file.encoding.pkg" value="sun.io"/>
    <property name="env.VS110COMNTOOLS" value="C:\Program Files (x86)\Microsoft Visual Studio 11.0\Common7\Tools\"/>
    <property name="env.TVTPYDIR" value="C:\Program Files (x86)\Common Files\Lenovo\Python26"/>
    <property name="file.separator" value="\"/>
    <property name="java.specification.name" value="Java Platform API Specification"/>
    <property name="java.class.version" value="51.0"/>
    <property name="user.country" value="GB"/>
    <property name="java.home" value="C:\Program Files\Java\jdk1.7.0_79\jre"/>
    <property name="env.PSModulePath" value="C:\Windows\system32\WindowsPowerShell\v1.0\Modules\"/>
    <property name="env.APPDATA" value="C:\Users\Administrator\AppData\Roaming"/>
    <property name="env.PUBLIC" value="C:\Users\Public"/>
    <property name="env.windows_tracing_logfile" value="C:\BVTBin\Tests\installpackage\csilogfile.log"/>
    <property name="java.vm.info" value="mixed mode"/>
    <property name="env.ComSpec" value="C:\Windows\system32\cmd.exe"/>
    <property name="env.OS" value="Windows_NT"/>
    <property name="env.CommonProgramFiles" value="C:\Program Files\Common Files"/>
    <property name="os.version" value="6.1"/>
    <property name="env.ProgramW6432" value="C:\Program Files"/>
    <property name="env.configsetroot" value="C:\Windows\ConfigSetRoot"/>
    <property name="surefire.real.class.path" value="C:\Users\ADMINI~1\AppData\Local\Temp\surefirebooter643455549674805976.jar"/>
    <property name="env.HADOOP_HOME" value="c:\common\ldap_proj\hadoop-common-2.2.0-bin-master"/>
    <property name="path.separator" value=";"/>
    <property name="java.vm.version" value="24.79-b02"/>
    <property name="env.TVTCOMMON" value="C:\Program Files (x86)\Common Files\Lenovo"/>
    <property name="user.variant" value=""/>
    <property name="env.USERPROFILE" value="C:\Users\Administrator"/>
    <property name="env.JAVA_HOME" value="c:\Program Files\Java\jdk1.7.0_71\"/>
    <property name="java.awt.printerjob" value="sun.awt.windows.WPrinterJob"/>
    <property name="env.TMP" value="C:\Users\ADMINI~1\AppData\Local\Temp"/>
    <property name="sun.io.unicode.encoding" value="UnicodeLittle"/>
    <property name="awt.toolkit" value="sun.awt.windows.WToolkit"/>
    <property name="user.script" value=""/>
    <property name="env.EMAIL" value="C:\documents\email_pers"/>
    <property name="user.home" value="C:\Users\Administrator"/>
    <property name="env.ProgramData" value="C:\ProgramData"/>
    <property name="env.SESSIONNAME" value="Console"/>
    <property name="env.ProgramFiles(x86)" value="C:\Program Files (x86)"/>
    <property name="java.specification.vendor" value="Oracle Corporation"/>
    <property name="env.M2_HOME" value="c:\work\apache-maven-3.2.5"/>
    <property name="java.vendor.url" value="http://java.oracle.com/"/>
    <property name="java.library.path" value="C:\Program Files\Java\jdk1.7.0_79\jre\bin;C:\Windows\Sun\Java\bin;C:\Windows\system32;C:\Windows;C:\Program Files (x86)\Caminova\Document Express DjVu Plug-in\;C:\Program Files (x86)\CollabNet;C:\Program Files (x86)\Embarcadero\Studio\15.0\bin;C:\Users\Public\Documents\Embarcadero\Studio\15.0\Bpl;C:\Program Files (x86)\Embarcadero\Studio\15.0\bin64;C:\Users\Public\Documents\Embarcadero\Studio\15.0\Bpl\Win64;C:\Python27\;C:\Python27\Scripts;C:\ProgramData\Oracle\Java\javapath;\bin;C:\Program Files\ImageMagick-6.8.8-Q16;C:\Program Files (x86)\Intel\iCLS Client\;C:\Program Files\Intel\iCLS Client\;C:\Windows\system32;C:\Windows;C:\Windows\System32\Wbem;C:\Windows\System32\WindowsPowerShell\v1.0\;C:\Program Files\Intel\Intel(R) Management Engine Components\DAL;C:\Program Files\Intel\Intel(R) Management Engine Components\IPT;C:\Program Files (x86)\Intel\Intel(R) Management Engine Components\DAL;C:\Program Files (x86)\Intel\Intel(R) Management Engine Components\IPT;C:\Program Files (x86)\Intel\OpenCL SDK\3.0\bin\x86;C:\Program Files (x86)\Intel\OpenCL SDK\3.0\bin\x64;C:\Program Files\Lenovo\Fingerprint Manager Pro\;C:\Program Files (x86)\Common Files\Lenovo;C:\SWTOOLS\ReadyApps;C:\Program Files (x86)\MySQL\MySQL Utilities 1.3.6\;C:\Program Files (x86)\Microsoft ASP.NET\ASP.NET Web Pages\v1.0\;C:\Program Files\Microsoft SQL Server\110\Tools\Binn\;C:\Program Files\MATLAB\R2013a\runtime\win64;C:\Program Files\MATLAB\R2013a\bin;C:\Program Files\Microsoft\Web Platform Installer\;C:\Program Files (x86)\Windows Kits\8.1\Windows Performance Toolkit\;C:\Program Files (x86)\Bitvise SSH Client;C:\Program Files (x86)\Git\cmd;C:\Program Files (x86)\Microsoft SDKs\TypeScript\1.0\;C:\Program Files\Microsoft SQL Server\120\Tools\Binn\;C:\MINGW\BIN;C:\Program Files\Intel\WiFi\bin\;C:\Program Files\Common Files\Intel\WirelessCommon\;C:\Program Files (x86)\Skype\Phone\;c:\work\apache-maven-3.2.5\bin;C:\Users\Administrator\AppData\Roaming\Python\Scripts;c:\work\thrift\;C:\Program Files\Intel\WiFi\bin\;C:\Program Files\Common Files\Intel\WirelessCommon\;."/>
    <property name="env.NUMBER_OF_PROCESSORS" value="8"/>
    <property name="java.vm.vendor" value="Oracle Corporation"/>
    <property name="java.runtime.name" value="Java(TM) SE Runtime Environment"/>
    <property name="java.class.path" value="C:\work\xp-dev\baseline\happy_trader\platform\client\clientrepo2\target\test-classes;C:\work\xp-dev\baseline\happy_trader\platform\client\clientrepo2\target\classes;C:\Users\Administrator\.m2\repository\org\jboss\arquillian\container\arquillian-weld-ee-embedded-1.1\1.0.0.CR3\arquillian-weld-ee-embedded-1.1-1.0.0.CR3.jar;C:\Users\Administrator\.m2\repository\org\jboss\arquillian\container\arquillian-container-spi\1.1.8.Final\arquillian-container-spi-1.1.8.Final.jar;C:\Users\Administrator\.m2\repository\org\jboss\arquillian\core\arquillian-core-spi\1.1.8.Final\arquillian-core-spi-1.1.8.Final.jar;C:\Users\Administrator\.m2\repository\org\jboss\arquillian\config\arquillian-config-api\1.1.8.Final\arquillian-config-api-1.1.8.Final.jar;C:\Users\Administrator\.m2\repository\org\jboss\arquillian\config\arquillian-config-impl-base\1.1.8.Final\arquillian-config-impl-base-1.1.8.Final.jar;C:\Users\Administrator\.m2\repository\org\jboss\shrinkwrap\shrinkwrap-api\1.2.2\shrinkwrap-api-1.2.2.jar;C:\Users\Administrator\.m2\repository\org\jboss\shrinkwrap\descriptors\shrinkwrap-descriptors-api-base\2.0.0-alpha-7\shrinkwrap-descriptors-api-base-2.0.0-alpha-7.jar;C:\Users\Administrator\.m2\repository\org\jboss\arquillian\container\arquillian-container-test-spi\1.1.8.Final\arquillian-container-test-spi-1.1.8.Final.jar;C:\Users\Administrator\.m2\repository\org\jboss\arquillian\testenricher\arquillian-testenricher-cdi\1.1.8.Final\arquillian-testenricher-cdi-1.1.8.Final.jar;C:\Users\Administrator\.m2\repository\org\jboss\weld\weld-core\1.1.5.Final\weld-core-1.1.5.Final.jar;C:\Users\Administrator\.m2\repository\javax\enterprise\cdi-api\1.0-SP4\cdi-api-1.0-SP4.jar;C:\Users\Administrator\.m2\repository\javax\inject\javax.inject\1\javax.inject-1.jar;C:\Users\Administrator\.m2\repository\org\jboss\weld\weld-api\1.1.Final\weld-api-1.1.Final.jar;C:\Users\Administrator\.m2\repository\org\jboss\weld\weld-spi\1.1.Final\weld-spi-1.1.Final.jar;C:\Users\Administrator\.m2\repository\com\google\guava\guava\r06\guava-r06.jar;C:\Users\Administrator\.m2\repository\org\jboss\spec\javax\interceptor\jboss-interceptors-api_1.1_spec\1.0.0.Beta1\jboss-interceptors-api_1.1_spec-1.0.0.Beta1.jar;C:\Users\Administrator\.m2\repository\org\jboss\interceptor\jboss-interceptor-spi\2.0.0.CR1\jboss-interceptor-spi-2.0.0.CR1.jar;C:\Users\Administrator\.m2\repository\org\jboss\interceptor\jboss-interceptor-core\2.0.0.CR1\jboss-interceptor-core-2.0.0.CR1.jar;C:\Users\Administrator\.m2\repository\org\slf4j\slf4j-ext\1.6.1\slf4j-ext-1.6.1.jar;C:\Users\Administrator\.m2\repository\ch\qos\cal10n\cal10n-api\0.7.2\cal10n-api-0.7.2.jar;C:\Users\Administrator\.m2\repository\org\jboss\weld\weld-build-config\1.1.5.Final\weld-build-config-1.1.5.Final.jar;C:\Users\Administrator\.m2\repository\org\slf4j\slf4j-simple\1.6.4\slf4j-simple-1.6.4.jar;C:\Users\Administrator\.m2\repository\org\jboss\arquillian\junit\arquillian-junit-container\1.1.8.Final\arquillian-junit-container-1.1.8.Final.jar;C:\Users\Administrator\.m2\repository\org\jboss\arquillian\junit\arquillian-junit-core\1.1.8.Final\arquillian-junit-core-1.1.8.Final.jar;C:\Users\Administrator\.m2\repository\org\jboss\arquillian\test\arquillian-test-api\1.1.8.Final\arquillian-test-api-1.1.8.Final.jar;C:\Users\Administrator\.m2\repository\org\jboss\arquillian\core\arquillian-core-api\1.1.8.Final\arquillian-core-api-1.1.8.Final.jar;C:\Users\Administrator\.m2\repository\org\jboss\arquillian\test\arquillian-test-spi\1.1.8.Final\arquillian-test-spi-1.1.8.Final.jar;C:\Users\Administrator\.m2\repository\org\jboss\arquillian\container\arquillian-container-test-api\1.1.8.Final\arquillian-container-test-api-1.1.8.Final.jar;C:\Users\Administrator\.m2\repository\org\jboss\arquillian\core\arquillian-core-impl-base\1.1.8.Final\arquillian-core-impl-base-1.1.8.Final.jar;C:\Users\Administrator\.m2\repository\org\jboss\arquillian\test\arquillian-test-impl-base\1.1.8.Final\arquillian-test-impl-base-1.1.8.Final.jar;C:\Users\Administrator\.m2\repository\org\jboss\arquillian\container\arquillian-container-impl-base\1.1.8.Final\arquillian-container-impl-base-1.1.8.Final.jar;C:\Users\Administrator\.m2\repository\org\jboss\shrinkwrap\descriptors\shrinkwrap-descriptors-spi\2.0.0-alpha-7\shrinkwrap-descriptors-spi-2.0.0-alpha-7.jar;C:\Users\Administrator\.m2\repository\org\jboss\arquillian\container\arquillian-container-test-impl-base\1.1.8.Final\arquillian-container-test-impl-base-1.1.8.Final.jar;C:\Users\Administrator\.m2\repository\org\jboss\shrinkwrap\shrinkwrap-impl-base\1.2.2\shrinkwrap-impl-base-1.2.2.jar;C:\Users\Administrator\.m2\repository\org\jboss\shrinkwrap\shrinkwrap-spi\1.2.2\shrinkwrap-spi-1.2.2.jar;C:\Users\Administrator\.m2\repository\junit\junit\4.12\junit-4.12.jar;C:\Users\Administrator\.m2\repository\org\hamcrest\hamcrest-core\1.3\hamcrest-core-1.3.jar;C:\Users\Administrator\.m2\repository\commons-logging\commons-logging\1.2\commons-logging-1.2.jar;C:\Users\Administrator\.m2\repository\log4j\log4j\1.2.17\log4j-1.2.17.jar;C:\Users\Administrator\.m2\repository\commons-dbutils\commons-dbutils\1.6\commons-dbutils-1.6.jar;C:\Users\Administrator\.m2\repository\org\apache\httpcomponents\httpcore\4.2.4\httpcore-4.2.4.jar;C:\Users\Administrator\.m2\repository\org\apache\httpcomponents\httpclient\4.2.5\httpclient-4.2.5.jar;C:\Users\Administrator\.m2\repository\commons-codec\commons-codec\1.6\commons-codec-1.6.jar;C:\Users\Administrator\.m2\repository\au\com\bytecode\opencsv\2.4\opencsv-2.4.jar;C:\Users\Administrator\.m2\repository\com\googlecode\json-simple\json-simple\1.1.1\json-simple-1.1.1.jar;C:\Users\Administrator\.m2\repository\commons-io\commons-io\2.4\commons-io-2.4.jar;C:\Users\Administrator\.m2\repository\commons-fileupload\commons-fileupload\1.3.1\commons-fileupload-1.3.1.jar;C:\Users\Administrator\.m2\repository\net\sf\opencsv\opencsv\2.3\opencsv-2.3.jar;C:\Users\Administrator\.m2\repository\mysql\mysql-connector-java\5.1.35\mysql-connector-java-5.1.35.jar;C:\Users\Administrator\.m2\repository\org\apache\commons\commons-lang3\3.3.2\commons-lang3-3.3.2.jar;C:\Users\Administrator\.m2\repository\javax\servlet\jsp\jstl\jstl-api\1.2\jstl-api-1.2.jar;C:\Users\Administrator\.m2\repository\javax\servlet\jsp\jsp-api\2.1\jsp-api-2.1.jar;C:\Users\Administrator\.m2\repository\org\glassfish\web\jstl-impl\1.2\jstl-impl-1.2.jar;C:\Users\Administrator\.m2\repository\org\hibernate\javax\persistence\hibernate-jpa-2.0-api\1.0.1.Final\hibernate-jpa-2.0-api-1.0.1.Final.jar;C:\Users\Administrator\.m2\repository\javax\annotation\jsr250-api\1.0\jsr250-api-1.0.jar;C:\Users\Administrator\.m2\repository\javax\xml\bind\jaxb-api-osgi\2.2.7\jaxb-api-osgi-2.2.7.jar;C:\Users\Administrator\.m2\repository\javax\xml\webservices-api-osgi\2.1-b16\webservices-api-osgi-2.1-b16.jar;C:\Users\Administrator\.m2\repository\cglib\cglib\2.2\cglib-2.2.jar;C:\Users\Administrator\.m2\repository\asm\asm\3.1\asm-3.1.jar;C:\Users\Administrator\.m2\repository\org\springframework\spring-aop\4.0.1.RELEASE\spring-aop-4.0.1.RELEASE.jar;C:\Users\Administrator\.m2\repository\aopalliance\aopalliance\1.0\aopalliance-1.0.jar;C:\Users\Administrator\.m2\repository\org\springframework\spring-aspects\4.0.1.RELEASE\spring-aspects-4.0.1.RELEASE.jar;C:\Users\Administrator\.m2\repository\org\aspectj\aspectjweaver\1.7.4\aspectjweaver-1.7.4.jar;C:\Users\Administrator\.m2\repository\org\springframework\spring-beans\4.0.1.RELEASE\spring-beans-4.0.1.RELEASE.jar;C:\Users\Administrator\.m2\repository\org\springframework\spring-context\4.0.1.RELEASE\spring-context-4.0.1.RELEASE.jar;C:\Users\Administrator\.m2\repository\org\springframework\spring-context-support\4.0.1.RELEASE\spring-context-support-4.0.1.RELEASE.jar;C:\Users\Administrator\.m2\repository\org\springframework\spring-core\4.0.1.RELEASE\spring-core-4.0.1.RELEASE.jar;C:\Users\Administrator\.m2\repository\org\springframework\spring-expression\4.0.1.RELEASE\spring-expression-4.0.1.RELEASE.jar;C:\Users\Administrator\.m2\repository\org\springframework\spring-instrument\4.0.1.RELEASE\spring-instrument-4.0.1.RELEASE.jar;C:\Users\Administrator\.m2\repository\org\springframework\spring-instrument-tomcat\4.0.1.RELEASE\spring-instrument-tomcat-4.0.1.RELEASE.jar;C:\Users\Administrator\.m2\repository\org\springframework\spring-jdbc\4.0.1.RELEASE\spring-jdbc-4.0.1.RELEASE.jar;C:\Users\Administrator\.m2\repository\org\springframework\spring-jms\4.0.1.RELEASE\spring-jms-4.0.1.RELEASE.jar;C:\Users\Administrator\.m2\repository\org\springframework\spring-messaging\4.0.1.RELEASE\spring-messaging-4.0.1.RELEASE.jar;C:\Users\Administrator\.m2\repository\org\springframework\spring-orm\4.0.1.RELEASE\spring-orm-4.0.1.RELEASE.jar;C:\Users\Administrator\.m2\repository\org\springframework\ws\spring-oxm\1.5.10\spring-oxm-1.5.10.jar;C:\Users\Administrator\.m2\repository\org\springframework\ws\spring-xml\1.5.10\spring-xml-1.5.10.jar;C:\Users\Administrator\.m2\repository\javax\xml\stream\stax-api\1.0-2\stax-api-1.0-2.jar;C:\Users\Administrator\.m2\repository\org\springframework\spring-test\4.0.1.RELEASE\spring-test-4.0.1.RELEASE.jar;C:\Users\Administrator\.m2\repository\org\springframework\spring-tx\4.0.1.RELEASE\spring-tx-4.0.1.RELEASE.jar;C:\Users\Administrator\.m2\repository\org\springframework\spring-web\4.0.1.RELEASE\spring-web-4.0.1.RELEASE.jar;C:\Users\Administrator\.m2\repository\org\springframework\spring-webmvc\4.0.1.RELEASE\spring-webmvc-4.0.1.RELEASE.jar;C:\Users\Administrator\.m2\repository\org\springframework\spring-webmvc-portlet\4.0.1.RELEASE\spring-webmvc-portlet-4.0.1.RELEASE.jar;C:\Users\Administrator\.m2\repository\org\springframework\spring-websocket\4.0.1.RELEASE\spring-websocket-4.0.1.RELEASE.jar;C:\Users\Administrator\.m2\repository\org\springframework\security\spring-security-config\3.2.5.RELEASE\spring-security-config-3.2.5.RELEASE.jar;C:\Users\Administrator\.m2\repository\org\springframework\security\spring-security-core\3.2.5.RELEASE\spring-security-core-3.2.5.RELEASE.jar;C:\Users\Administrator\.m2\repository\org\springframework\security\spring-security-web\3.2.5.RELEASE\spring-security-web-3.2.5.RELEASE.jar;C:\Users\Administrator\.m2\repository\antlr\antlr\2.7.7\antlr-2.7.7.jar;C:\Users\Administrator\.m2\repository\com\mchange\c3p0\0.9.2.1\c3p0-0.9.2.1.jar;C:\Users\Administrator\.m2\repository\com\mchange\mchange-commons-java\0.2.3.4\mchange-commons-java-0.2.3.4.jar;C:\Users\Administrator\.m2\repository\org\hibernate\hibernate-c3p0\4.2.6.Final\hibernate-c3p0-4.2.6.Final.jar;C:\Users\Administrator\.m2\repository\dom4j\dom4j\1.6.1\dom4j-1.6.1.jar;C:\Users\Administrator\.m2\repository\xml-apis\xml-apis\1.0.b2\xml-apis-1.0.b2.jar;C:\Users\Administrator\.m2\repository\net\sf\ehcache\ehcache-core\2.4.3\ehcache-core-2.4.3.jar;C:\Users\Administrator\.m2\repository\org\hibernate\hibernate-ehcache\4.2.6.Final\hibernate-ehcache-4.2.6.Final.jar;C:\Users\Administrator\.m2\repository\org\hibernate\common\hibernate-commons-annotations\4.0.2.Final\hibernate-commons-annotations-4.0.2.Final.jar;C:\Users\Administrator\.m2\repository\org\hibernate\hibernate-core\4.2.6.Final\hibernate-core-4.2.6.Final.jar;C:\Users\Administrator\.m2\repository\org\jboss\logging\jboss-logging\3.1.0.GA\jboss-logging-3.1.0.GA.jar;C:\Users\Administrator\.m2\repository\org\hibernate\hibernate-entitymanager\4.2.6.Final\hibernate-entitymanager-4.2.6.Final.jar;C:\Users\Administrator\.m2\repository\org\javassist\javassist\3.15.0-GA\javassist-3.15.0-GA.jar;C:\Users\Administrator\.m2\repository\org\jboss\spec\javax\transaction\jboss-transaction-api_1.1_spec\1.0.1.Final\jboss-transaction-api_1.1_spec-1.0.1.Final.jar;C:\Users\Administrator\.m2\repository\org\slf4j\slf4j-api\1.6.4\slf4j-api-1.6.4.jar;C:\Users\Administrator\.m2\repository\javax\javaee-web-api\7.0\javaee-web-api-7.0.jar;C:\Users\Administrator\.m2\repository\commons-dbcp\commons-dbcp\1.4\commons-dbcp-1.4.jar;C:\Users\Administrator\.m2\repository\commons-pool\commons-pool\1.5.4\commons-pool-1.5.4.jar;C:\Users\Administrator\.m2\repository\org\apache\commons\commons-dbcp2\2.0.1\commons-dbcp2-2.0.1.jar;C:\Users\Administrator\.m2\repository\org\apache\commons\commons-pool2\2.2\commons-pool2-2.2.jar;C:\Users\Administrator\.m2\repository\httrader-api\httrader-api\1.0\httrader-api-1.0.jar;C:\Users\Administrator\.m2\repository\javax\servlet\servlet-api\2.5\servlet-api-2.5.jar;C:\Users\Administrator\.m2\repository\javax\servlet\javax.servlet-api\3.1.0\javax.servlet-api-3.1.0.jar;"/>
    <property name="sun.java.command" value="C:\Users\ADMINI~1\AppData\Local\Temp\surefirebooter643455549674805976.jar C:\Users\ADMINI~1\AppData\Local\Temp\surefire7278832613702247905tmp C:\Users\ADMINI~1\AppData\Local\Temp\surefire6644287660864106794tmp"/>
    <property name="env.READYAPPS" value="C:\SWTOOLS\ReadyApps"/>
    <property name="java.vm.specification.name" value="Java Virtual Machine Specification"/>
    <property name="env.LOGONSERVER" value="\\VIKTOR-THINK"/>
    <property name="env.windir" value="C:\Windows"/>
    <property name="java.vm.specification.version" value="1.7"/>
    <property name="env.PROCESSOR_ARCHITECTURE" value="AMD64"/>
    <property name="sun.os.patch.level" value="Service Pack 1"/>
    <property name="sun.cpu.endian" value="little"/>
    <property name="surefire.test.class.path" value="C:\work\xp-dev\baseline\happy_trader\platform\client\clientrepo2\target\test-classes;C:\work\xp-dev\baseline\happy_trader\platform\client\clientrepo2\target\classes;C:\Users\Administrator\.m2\repository\org\jboss\arquillian\container\arquillian-weld-ee-embedded-1.1\1.0.0.CR3\arquillian-weld-ee-embedded-1.1-1.0.0.CR3.jar;C:\Users\Administrator\.m2\repository\org\jboss\arquillian\container\arquillian-container-spi\1.1.8.Final\arquillian-container-spi-1.1.8.Final.jar;C:\Users\Administrator\.m2\repository\org\jboss\arquillian\core\arquillian-core-spi\1.1.8.Final\arquillian-core-spi-1.1.8.Final.jar;C:\Users\Administrator\.m2\repository\org\jboss\arquillian\config\arquillian-config-api\1.1.8.Final\arquillian-config-api-1.1.8.Final.jar;C:\Users\Administrator\.m2\repository\org\jboss\arquillian\config\arquillian-config-impl-base\1.1.8.Final\arquillian-config-impl-base-1.1.8.Final.jar;C:\Users\Administrator\.m2\repository\org\jboss\shrinkwrap\shrinkwrap-api\1.2.2\shrinkwrap-api-1.2.2.jar;C:\Users\Administrator\.m2\repository\org\jboss\shrinkwrap\descriptors\shrinkwrap-descriptors-api-base\2.0.0-alpha-7\shrinkwrap-descriptors-api-base-2.0.0-alpha-7.jar;C:\Users\Administrator\.m2\repository\org\jboss\arquillian\container\arquillian-container-test-spi\1.1.8.Final\arquillian-container-test-spi-1.1.8.Final.jar;C:\Users\Administrator\.m2\repository\org\jboss\arquillian\testenricher\arquillian-testenricher-cdi\1.1.8.Final\arquillian-testenricher-cdi-1.1.8.Final.jar;C:\Users\Administrator\.m2\repository\org\jboss\weld\weld-core\1.1.5.Final\weld-core-1.1.5.Final.jar;C:\Users\Administrator\.m2\repository\javax\enterprise\cdi-api\1.0-SP4\cdi-api-1.0-SP4.jar;C:\Users\Administrator\.m2\repository\javax\inject\javax.inject\1\javax.inject-1.jar;C:\Users\Administrator\.m2\repository\org\jboss\weld\weld-api\1.1.Final\weld-api-1.1.Final.jar;C:\Users\Administrator\.m2\repository\org\jboss\weld\weld-spi\1.1.Final\weld-spi-1.1.Final.jar;C:\Users\Administrator\.m2\repository\com\google\guava\guava\r06\guava-r06.jar;C:\Users\Administrator\.m2\repository\org\jboss\spec\javax\interceptor\jboss-interceptors-api_1.1_spec\1.0.0.Beta1\jboss-interceptors-api_1.1_spec-1.0.0.Beta1.jar;C:\Users\Administrator\.m2\repository\org\jboss\interceptor\jboss-interceptor-spi\2.0.0.CR1\jboss-interceptor-spi-2.0.0.CR1.jar;C:\Users\Administrator\.m2\repository\org\jboss\interceptor\jboss-interceptor-core\2.0.0.CR1\jboss-interceptor-core-2.0.0.CR1.jar;C:\Users\Administrator\.m2\repository\org\slf4j\slf4j-ext\1.6.1\slf4j-ext-1.6.1.jar;C:\Users\Administrator\.m2\repository\ch\qos\cal10n\cal10n-api\0.7.2\cal10n-api-0.7.2.jar;C:\Users\Administrator\.m2\repository\org\jboss\weld\weld-build-config\1.1.5.Final\weld-build-config-1.1.5.Final.jar;C:\Users\Administrator\.m2\repository\org\slf4j\slf4j-simple\1.6.4\slf4j-simple-1.6.4.jar;C:\Users\Administrator\.m2\repository\org\jboss\arquillian\junit\arquillian-junit-container\1.1.8.Final\arquillian-junit-container-1.1.8.Final.jar;C:\Users\Administrator\.m2\repository\org\jboss\arquillian\junit\arquillian-junit-core\1.1.8.Final\arquillian-junit-core-1.1.8.Final.jar;C:\Users\Administrator\.m2\repository\org\jboss\arquillian\test\arquillian-test-api\1.1.8.Final\arquillian-test-api-1.1.8.Final.jar;C:\Users\Administrator\.m2\repository\org\jboss\arquillian\core\arquillian-core-api\1.1.8.Final\arquillian-core-api-1.1.8.Final.jar;C:\Users\Administrator\.m2\repository\org\jboss\arquillian\test\arquillian-test-spi\1.1.8.Final\arquillian-test-spi-1.1.8.Final.jar;C:\Users\Administrator\.m2\repository\org\jboss\arquillian\container\arquillian-container-test-api\1.1.8.Final\arquillian-container-test-api-1.1.8.Final.jar;C:\Users\Administrator\.m2\repository\org\jboss\arquillian\core\arquillian-core-impl-base\1.1.8.Final\arquillian-core-impl-base-1.1.8.Final.jar;C:\Users\Administrator\.m2\repository\org\jboss\arquillian\test\arquillian-test-impl-base\1.1.8.Final\arquillian-test-impl-base-1.1.8.Final.jar;C:\Users\Administrator\.m2\repository\org\jboss\arquillian\container\arquillian-container-impl-base\1.1.8.Final\arquillian-container-impl-base-1.1.8.Final.jar;C:\Users\Administrator\.m2\repository\org\jboss\shrinkwrap\descriptors\shrinkwrap-descriptors-spi\2.0.0-alpha-7\shrinkwrap-descriptors-spi-2.0.0-alpha-7.jar;C:\Users\Administrator\.m2\repository\org\jboss\arquillian\container\arquillian-container-test-impl-base\1.1.8.Final\arquillian-container-test-impl-base-1.1.8.Final.jar;C:\Users\Administrator\.m2\repository\org\jboss\shrinkwrap\shrinkwrap-impl-base\1.2.2\shrinkwrap-impl-base-1.2.2.jar;C:\Users\Administrator\.m2\repository\org\jboss\shrinkwrap\shrinkwrap-spi\1.2.2\shrinkwrap-spi-1.2.2.jar;C:\Users\Administrator\.m2\repository\junit\junit\4.12\junit-4.12.jar;C:\Users\Administrator\.m2\repository\org\hamcrest\hamcrest-core\1.3\hamcrest-core-1.3.jar;C:\Users\Administrator\.m2\repository\commons-logging\commons-logging\1.2\commons-logging-1.2.jar;C:\Users\Administrator\.m2\repository\log4j\log4j\1.2.17\log4j-1.2.17.jar;C:\Users\Administrator\.m2\repository\commons-dbutils\commons-dbutils\1.6\commons-dbutils-1.6.jar;C:\Users\Administrator\.m2\repository\org\apache\httpcomponents\httpcore\4.2.4\httpcore-4.2.4.jar;C:\Users\Administrator\.m2\repository\org\apache\httpcomponents\httpclient\4.2.5\httpclient-4.2.5.jar;C:\Users\Administrator\.m2\repository\commons-codec\commons-codec\1.6\commons-codec-1.6.jar;C:\Users\Administrator\.m2\repository\au\com\bytecode\opencsv\2.4\opencsv-2.4.jar;C:\Users\Administrator\.m2\repository\com\googlecode\json-simple\json-simple\1.1.1\json-simple-1.1.1.jar;C:\Users\Administrator\.m2\repository\commons-io\commons-io\2.4\commons-io-2.4.jar;C:\Users\Administrator\.m2\repository\commons-fileupload\commons-fileupload\1.3.1\commons-fileupload-1.3.1.jar;C:\Users\Administrator\.m2\repository\net\sf\opencsv\opencsv\2.3\opencsv-2.3.jar;C:\Users\Administrator\.m2\repository\mysql\mysql-connector-java\5.1.35\mysql-connector-java-5.1.35.jar;C:\Users\Administrator\.m2\repository\org\apache\commons\commons-lang3\3.3.2\commons-lang3-3.3.2.jar;C:\Users\Administrator\.m2\repository\javax\servlet\jsp\jstl\jstl-api\1.2\jstl-api-1.2.jar;C:\Users\Administrator\.m2\repository\javax\servlet\jsp\jsp-api\2.1\jsp-api-2.1.jar;C:\Users\Administrator\.m2\repository\org\glassfish\web\jstl-impl\1.2\jstl-impl-1.2.jar;C:\Users\Administrator\.m2\repository\org\hibernate\javax\persistence\hibernate-jpa-2.0-api\1.0.1.Final\hibernate-jpa-2.0-api-1.0.1.Final.jar;C:\Users\Administrator\.m2\repository\javax\annotation\jsr250-api\1.0\jsr250-api-1.0.jar;C:\Users\Administrator\.m2\repository\javax\xml\bind\jaxb-api-osgi\2.2.7\jaxb-api-osgi-2.2.7.jar;C:\Users\Administrator\.m2\repository\javax\xml\webservices-api-osgi\2.1-b16\webservices-api-osgi-2.1-b16.jar;C:\Users\Administrator\.m2\repository\cglib\cglib\2.2\cglib-2.2.jar;C:\Users\Administrator\.m2\repository\asm\asm\3.1\asm-3.1.jar;C:\Users\Administrator\.m2\repository\org\springframework\spring-aop\4.0.1.RELEASE\spring-aop-4.0.1.RELEASE.jar;C:\Users\Administrator\.m2\repository\aopalliance\aopalliance\1.0\aopalliance-1.0.jar;C:\Users\Administrator\.m2\repository\org\springframework\spring-aspects\4.0.1.RELEASE\spring-aspects-4.0.1.RELEASE.jar;C:\Users\Administrator\.m2\repository\org\aspectj\aspectjweaver\1.7.4\aspectjweaver-1.7.4.jar;C:\Users\Administrator\.m2\repository\org\springframework\spring-beans\4.0.1.RELEASE\spring-beans-4.0.1.RELEASE.jar;C:\Users\Administrator\.m2\repository\org\springframework\spring-context\4.0.1.RELEASE\spring-context-4.0.1.RELEASE.jar;C:\Users\Administrator\.m2\repository\org\springframework\spring-context-support\4.0.1.RELEASE\spring-context-support-4.0.1.RELEASE.jar;C:\Users\Administrator\.m2\repository\org\springframework\spring-core\4.0.1.RELEASE\spring-core-4.0.1.RELEASE.jar;C:\Users\Administrator\.m2\repository\org\springframework\spring-expression\4.0.1.RELEASE\spring-expression-4.0.1.RELEASE.jar;C:\Users\Administrator\.m2\repository\org\springframework\spring-instrument\4.0.1.RELEASE\spring-instrument-4.0.1.RELEASE.jar;C:\Users\Administrator\.m2\repository\org\springframework\spring-instrument-tomcat\4.0.1.RELEASE\spring-instrument-tomcat-4.0.1.RELEASE.jar;C:\Users\Administrator\.m2\repository\org\springframework\spring-jdbc\4.0.1.RELEASE\spring-jdbc-4.0.1.RELEASE.jar;C:\Users\Administrator\.m2\repository\org\springframework\spring-jms\4.0.1.RELEASE\spring-jms-4.0.1.RELEASE.jar;C:\Users\Administrator\.m2\repository\org\springframework\spring-messaging\4.0.1.RELEASE\spring-messaging-4.0.1.RELEASE.jar;C:\Users\Administrator\.m2\repository\org\springframework\spring-orm\4.0.1.RELEASE\spring-orm-4.0.1.RELEASE.jar;C:\Users\Administrator\.m2\repository\org\springframework\ws\spring-oxm\1.5.10\spring-oxm-1.5.10.jar;C:\Users\Administrator\.m2\repository\org\springframework\ws\spring-xml\1.5.10\spring-xml-1.5.10.jar;C:\Users\Administrator\.m2\repository\javax\xml\stream\stax-api\1.0-2\stax-api-1.0-2.jar;C:\Users\Administrator\.m2\repository\org\springframework\spring-test\4.0.1.RELEASE\spring-test-4.0.1.RELEASE.jar;C:\Users\Administrator\.m2\repository\org\springframework\spring-tx\4.0.1.RELEASE\spring-tx-4.0.1.RELEASE.jar;C:\Users\Administrator\.m2\repository\org\springframework\spring-web\4.0.1.RELEASE\spring-web-4.0.1.RELEASE.jar;C:\Users\Administrator\.m2\repository\org\springframework\spring-webmvc\4.0.1.RELEASE\spring-webmvc-4.0.1.RELEASE.jar;C:\Users\Administrator\.m2\repository\org\springframework\spring-webmvc-portlet\4.0.1.RELEASE\spring-webmvc-portlet-4.0.1.RELEASE.jar;C:\Users\Administrator\.m2\repository\org\springframework\spring-websocket\4.0.1.RELEASE\spring-websocket-4.0.1.RELEASE.jar;C:\Users\Administrator\.m2\repository\org\springframework\security\spring-security-config\3.2.5.RELEASE\spring-security-config-3.2.5.RELEASE.jar;C:\Users\Administrator\.m2\repository\org\springframework\security\spring-security-core\3.2.5.RELEASE\spring-security-core-3.2.5.RELEASE.jar;C:\Users\Administrator\.m2\repository\org\springframework\security\spring-security-web\3.2.5.RELEASE\spring-security-web-3.2.5.RELEASE.jar;C:\Users\Administrator\.m2\repository\antlr\antlr\2.7.7\antlr-2.7.7.jar;C:\Users\Administrator\.m2\repository\com\mchange\c3p0\0.9.2.1\c3p0-0.9.2.1.jar;C:\Users\Administrator\.m2\repository\com\mchange\mchange-commons-java\0.2.3.4\mchange-commons-java-0.2.3.4.jar;C:\Users\Administrator\.m2\repository\org\hibernate\hibernate-c3p0\4.2.6.Final\hibernate-c3p0-4.2.6.Final.jar;C:\Users\Administrator\.m2\repository\dom4j\dom4j\1.6.1\dom4j-1.6.1.jar;C:\Users\Administrator\.m2\repository\xml-apis\xml-apis\1.0.b2\xml-apis-1.0.b2.jar;C:\Users\Administrator\.m2\repository\net\sf\ehcache\ehcache-core\2.4.3\ehcache-core-2.4.3.jar;C:\Users\Administrator\.m2\repository\org\hibernate\hibernate-ehcache\4.2.6.Final\hibernate-ehcache-4.2.6.Final.jar;C:\Users\Administrator\.m2\repository\org\hibernate\common\hibernate-commons-annotations\4.0.2.Final\hibernate-commons-annotations-4.0.2.Final.jar;C:\Users\Administrator\.m2\repository\org\hibernate\hibernate-core\4.2.6.Final\hibernate-core-4.2.6.Final.jar;C:\Users\Administrator\.m2\repository\org\jboss\logging\jboss-logging\3.1.0.GA\jboss-logging-3.1.0.GA.jar;C:\Users\Administrator\.m2\repository\org\hibernate\hibernate-entitymanager\4.2.6.Final\hibernate-entitymanager-4.2.6.Final.jar;C:\Users\Administrator\.m2\repository\org\javassist\javassist\3.15.0-GA\javassist-3.15.0-GA.jar;C:\Users\Administrator\.m2\repository\org\jboss\spec\javax\transaction\jboss-transaction-api_1.1_spec\1.0.1.Final\jboss-transaction-api_1.1_spec-1.0.1.Final.jar;C:\Users\Administrator\.m2\repository\org\slf4j\slf4j-api\1.6.4\slf4j-api-1.6.4.jar;C:\Users\Administrator\.m2\repository\javax\javaee-web-api\7.0\javaee-web-api-7.0.jar;C:\Users\Administrator\.m2\repository\commons-dbcp\commons-dbcp\1.4\commons-dbcp-1.4.jar;C:\Users\Administrator\.m2\repository\commons-pool\commons-pool\1.5.4\commons-pool-1.5.4.jar;C:\Users\Administrator\.m2\repository\org\apache\commons\commons-dbcp2\2.0.1\commons-dbcp2-2.0.1.jar;C:\Users\Administrator\.m2\repository\org\apache\commons\commons-pool2\2.2\commons-pool2-2.2.jar;C:\Users\Administrator\.m2\repository\httrader-api\httrader-api\1.0\httrader-api-1.0.jar;C:\Users\Administrator\.m2\repository\javax\servlet\servlet-api\2.5\servlet-api-2.5.jar;C:\Users\Administrator\.m2\repository\javax\servlet\javax.servlet-api\3.1.0\javax.servlet-api-3.1.0.jar;"/>
    <property name="env.ProgramFiles" value="C:\Program Files"/>
    <property name="java.io.tmpdir" value="C:\Users\ADMINI~1\AppData\Local\Temp\"/>
    <property name="env.PROCESSOR_REVISION" value="3c03"/>
    <property name="env.CommonProgramFiles(x86)" value="C:\Program Files (x86)\Common Files"/>
    <property name="env.VS120COMNTOOLS" value="C:\Program Files (x86)\Microsoft Visual Studio 12.0\Common7\Tools\"/>
    <property name="java.vendor.url.bug" value="http://bugreport.sun.com/bugreport/"/>
    <property name="env.SystemRoot" value="C:\Windows"/>
    <property name="java.awt.graphicsenv" value="sun.awt.Win32GraphicsEnvironment"/>
    <property name="os.arch" value="amd64"/>
    <property name="java.ext.dirs" value="C:\Program Files\Java\jdk1.7.0_79\jre\lib\ext;C:\Windows\Sun\Java\lib\ext"/>
    <property name="user.dir" value="C:\work\xp-dev\baseline\happy_trader\platform\client\clientrepo2"/>
    <property name="env.LOCALAPPDATA" value="C:\Users\Administrator\AppData\Local"/>
    <property name="line.separator" value="
"/>
    <property name="java.vm.name" value="Java HotSpot(TM) 64-Bit Server VM"/>
    <property name="env.PATHEXT" value=".COM;.EXE;.BAT;.CMD;.VBS;.VBE;.JS;.JSE;.WSF;.WSH;.MSC;.py;.pyw"/>
    <property name="env.Path" value="C:\Program Files (x86)\Caminova\Document Express DjVu Plug-in\;C:\Program Files (x86)\CollabNet;C:\Program Files (x86)\Embarcadero\Studio\15.0\bin;C:\Users\Public\Documents\Embarcadero\Studio\15.0\Bpl;C:\Program Files (x86)\Embarcadero\Studio\15.0\bin64;C:\Users\Public\Documents\Embarcadero\Studio\15.0\Bpl\Win64;C:\Python27\;C:\Python27\Scripts;C:\ProgramData\Oracle\Java\javapath;\bin;C:\Program Files\ImageMagick-6.8.8-Q16;C:\Program Files (x86)\Intel\iCLS Client\;C:\Program Files\Intel\iCLS Client\;C:\Windows\system32;C:\Windows;C:\Windows\System32\Wbem;C:\Windows\System32\WindowsPowerShell\v1.0\;C:\Program Files\Intel\Intel(R) Management Engine Components\DAL;C:\Program Files\Intel\Intel(R) Management Engine Components\IPT;C:\Program Files (x86)\Intel\Intel(R) Management Engine Components\DAL;C:\Program Files (x86)\Intel\Intel(R) Management Engine Components\IPT;C:\Program Files (x86)\Intel\OpenCL SDK\3.0\bin\x86;C:\Program Files (x86)\Intel\OpenCL SDK\3.0\bin\x64;C:\Program Files\Lenovo\Fingerprint Manager Pro\;C:\Program Files (x86)\Common Files\Lenovo;C:\SWTOOLS\ReadyApps;C:\Program Files (x86)\MySQL\MySQL Utilities 1.3.6\;C:\Program Files (x86)\Microsoft ASP.NET\ASP.NET Web Pages\v1.0\;C:\Program Files\Microsoft SQL Server\110\Tools\Binn\;C:\Program Files\MATLAB\R2013a\runtime\win64;C:\Program Files\MATLAB\R2013a\bin;C:\Program Files\Microsoft\Web Platform Installer\;C:\Program Files (x86)\Windows Kits\8.1\Windows Performance Toolkit\;C:\Program Files (x86)\Bitvise SSH Client;C:\Program Files (x86)\Git\cmd;C:\Program Files (x86)\Microsoft SDKs\TypeScript\1.0\;C:\Program Files\Microsoft SQL Server\120\Tools\Binn\;C:\MINGW\BIN;C:\Program Files\Intel\WiFi\bin\;C:\Program Files\Common Files\Intel\WirelessCommon\;C:\Program Files (x86)\Skype\Phone\;c:\work\apache-maven-3.2.5\bin;C:\Users\Administrator\AppData\Roaming\Python\Scripts;c:\work\thrift\;C:\Program Files\Intel\WiFi\bin\;C:\Program Files\Common Files\Intel\WirelessCommon\"/>
    <property name="basedir" value="C:\work\xp-dev\baseline\happy_trader\platform\client\clientrepo2"/>
    <property name="env.HT_DEVEL_ROOT" value="c:\work\happy_trader\"/>
    <property name="env.M2" value="c:\work\apache-maven-3.2.5\bin"/>
    <property name="env.USERNAME" value="Administrator"/>
    <property name="env.SystemDrive" value="C:"/>
    <property name="file.encoding" value="Cp1251"/>
    <property name="env.RR" value="C:\Program Files (x86)\Lenovo\Rescue and Recovery"/>
    <property name="env.USERDOMAIN" value="viktor-THINK"/>
    <property name="java.specification.version" value="1.7"/>
    <property name="env.=C:" value="C:\work\xp-dev\baseline\happy_trader\platform\client\clientrepo2"/>
    <property name="env.HT_SERVER_DIR" value="c:\work\happy_trader\"/>
    <property name="env.VBOX_MSI_INSTALL_PATH" value="C:\Program Files\Oracle\VirtualBox\"/>
    <property name="env.PROCESSOR_LEVEL" value="6"/>
  </properties>
  <testcase time="0.176" classname="com.mtrunner.client.TestDBConnection" name="testConnectivity"/>
  <testcase time="0.013" classname="com.mtrunner.client.TestDBConnection" name="testJoomlaUsers"/>
  <testcase time="0.013" classname="com.mtrunner.client.TestDBConnection" name="testHtDbUsers"/>
</testsuite>